<?xml version="1.0" encoding="UTF-8"?>
<testsuites name="ts1" time="53" tests="0" failures="3" errors="0">
   <testsuite name="ts1" tests="0" failures="3" errors="0" time="53" timestamp="2018-07-31 16:28:12" hostname="carrison.jiang - CNQDSX-150247.goertek.com" id="Test Suites/ts1">
      <properties>
         <property name="deviceName" value=""/>
         <property name="devicePlatform" value=""/>
         <property name="logFolder" value="C:\\Users\\carrison.jiang\\Katalon Studio\\bugfree1\\Reports\\ts1\\20180731_162809"/>
         <property name="logFiles" value="C:\\Users\\carrison.jiang\\Katalon Studio\\bugfree1\\Reports\\ts1\\20180731_162809\\execution0.log"/>
         <property name="attachments" value="C:\\Users\\carrison.jiang\\Katalon Studio\\bugfree1\\Reports\\ts1\\20180731_162809\\1533025710653.png, C:\\Users\\carrison.jiang\\Katalon Studio\\bugfree1\\Reports\\ts1\\20180731_162809\\1533025730171.png, C:\\Users\\carrison.jiang\\Katalon Studio\\bugfree1\\Reports\\ts1\\20180731_162809\\1533025745061.png"/>
         <property name="hostName" value="carrison.jiang - CNQDSX-150247.goertek.com"/>
         <property name="os" value="Windows 7 64bit"/>
         <property name="katalonVersion" value="5.5.0.1"/>
         <property name="browser" value="Chrome 65.0.3325.181"/>
         <property name="hostAddress" value="192.168.56.1"/>
         <property name="sessionId" value="90a7667b5b882860877f6a2a691d1475"/>
         <property name="seleniumVersion" value="3.7.1"/>
         <property name="proxyInformation" value="ProxyInformation{proxyOption=NO_PROXY, proxyServerType=HTTP, password=, proxyServerAddress=, proxyServerPort=0}"/>
         <property name="platform" value="Windows 7"/>
      </properties>
      <testcase name="Test Cases/tc1" classname="Test Cases/tc1" status="FAILED">
         <failure type="FAILED" message="Unable to set encrypted text for object 'Object Repository/Page_CURA Healthcare Service/input_password' (Root cause: javax.crypto.IllegalBlockSizeException: Input length must be multiple of 8 when decrypting with padded cipher)"/>
         <system-out><![CDATA[2018-07-31 16:28:13 - [TEST_CASE][FAILED] - Test Cases/tc1: Test Cases/tc1 FAILED because (of) Unable to set encrypted text for object 'Object Repository/Page_CURA Healthcare Service/input_password' (Root cause: javax.crypto.IllegalBlockSizeException: Input length must be multiple of 8 when decrypting with padded cipher)

2018-07-31 16:28:14 - [TEST_STEP][PASSED] - openBrowser: Browser is opened with url: ''

2018-07-31 16:28:19 - [MESSAGE][PASSED] - Browser is opened with url: ''

2018-07-31 16:28:19 - [TEST_STEP][PASSED] - navigateToUrl: Navigate to 'http://demoaut.katalon.com/profile.php#login' successfully

2018-07-31 16:28:29 - [MESSAGE][PASSED] - Navigate to 'http://demoaut.katalon.com/profile.php#login' successfully

2018-07-31 16:28:29 - [TEST_STEP][PASSED] - setText: Text 'sally' is set on object 'Object Repository/Page_CURA Healthcare Service/input_username'

2018-07-31 16:28:29 - [MESSAGE][PASSED] - Text 'sally' is set on object 'Object Repository/Page_CURA Healthcare Service/input_username'

2018-07-31 16:28:29 - [TEST_STEP][FAILED] - setEncryptedText: Unable to set encrypted text for object 'Object Repository/Page_CURA Healthcare Service/input_password' (Root cause: javax.crypto.IllegalBlockSizeException: Input length must be multiple of 8 when decrypting with padded cipher)

2018-07-31 16:28:30 - [MESSAGE][FAILED] - Unable to set encrypted text for object 'Object Repository/Page_CURA Healthcare Service/input_password' (Root cause: javax.crypto.IllegalBlockSizeException: Input length must be multiple of 8 when decrypting with padded cipher)
[[ATTACHMENT|C:\\Users\\carrison.jiang\\Katalon Studio\\bugfree1\\Reports\\ts1\\20180731_162809\\1533025710653.png]]]]></system-out>
         <system-err><![CDATA[2018-07-31 16:28:13 - [TEST_CASE][FAILED] - Test Cases/tc1: Test Cases/tc1 FAILED because (of) Unable to set encrypted text for object 'Object Repository/Page_CURA Healthcare Service/input_password' (Root cause: javax.crypto.IllegalBlockSizeException: Input length must be multiple of 8 when decrypting with padded cipher)]]></system-err>
      </testcase>
      <testcase name="Test Cases/tc1" classname="Test Cases/tc1" status="FAILED">
         <failure type="FAILED" message="Unable to set encrypted text for object 'Object Repository/Page_CURA Healthcare Service/input_password' (Root cause: javax.crypto.IllegalBlockSizeException: Input length must be multiple of 8 when decrypting with padded cipher)"/>
         <system-out><![CDATA[2018-07-31 16:28:30 - [TEST_CASE][FAILED] - Test Cases/tc1: Test Cases/tc1 FAILED because (of) Unable to set encrypted text for object 'Object Repository/Page_CURA Healthcare Service/input_password' (Root cause: javax.crypto.IllegalBlockSizeException: Input length must be multiple of 8 when decrypting with padded cipher)

2018-07-31 16:28:30 - [TEST_STEP][PASSED] - openBrowser: Browser is opened with url: ''

2018-07-31 16:28:30 - [MESSAGE][WARNING] - A browser is already opened. Closing browser and opening a new one

2018-07-31 16:28:34 - [MESSAGE][PASSED] - Browser is opened with url: ''

2018-07-31 16:28:34 - [TEST_STEP][PASSED] - navigateToUrl: Navigate to 'http://demoaut.katalon.com/profile.php#login' successfully

2018-07-31 16:28:49 - [MESSAGE][PASSED] - Navigate to 'http://demoaut.katalon.com/profile.php#login' successfully

2018-07-31 16:28:49 - [TEST_STEP][PASSED] - setText: Text 'John Doe' is set on object 'Object Repository/Page_CURA Healthcare Service/input_username'

2018-07-31 16:28:50 - [MESSAGE][PASSED] - Text 'John Doe' is set on object 'Object Repository/Page_CURA Healthcare Service/input_username'

2018-07-31 16:28:50 - [TEST_STEP][FAILED] - setEncryptedText: Unable to set encrypted text for object 'Object Repository/Page_CURA Healthcare Service/input_password' (Root cause: javax.crypto.IllegalBlockSizeException: Input length must be multiple of 8 when decrypting with padded cipher)

2018-07-31 16:28:50 - [MESSAGE][FAILED] - Unable to set encrypted text for object 'Object Repository/Page_CURA Healthcare Service/input_password' (Root cause: javax.crypto.IllegalBlockSizeException: Input length must be multiple of 8 when decrypting with padded cipher)
[[ATTACHMENT|C:\\Users\\carrison.jiang\\Katalon Studio\\bugfree1\\Reports\\ts1\\20180731_162809\\1533025730171.png]]]]></system-out>
         <system-err><![CDATA[2018-07-31 16:28:30 - [TEST_CASE][FAILED] - Test Cases/tc1: Test Cases/tc1 FAILED because (of) Unable to set encrypted text for object 'Object Repository/Page_CURA Healthcare Service/input_password' (Root cause: javax.crypto.IllegalBlockSizeException: Input length must be multiple of 8 when decrypting with padded cipher)]]></system-err>
      </testcase>
      <testcase name="Test Cases/tc1" classname="Test Cases/tc1" status="FAILED">
         <failure type="FAILED" message="Unable to set encrypted text for object 'Object Repository/Page_CURA Healthcare Service/input_password' (Root cause: javax.crypto.IllegalBlockSizeException: Input length must be multiple of 8 when decrypting with padded cipher)"/>
         <system-out><![CDATA[2018-07-31 16:28:50 - [TEST_CASE][FAILED] - Test Cases/tc1: Test Cases/tc1 FAILED because (of) Unable to set encrypted text for object 'Object Repository/Page_CURA Healthcare Service/input_password' (Root cause: javax.crypto.IllegalBlockSizeException: Input length must be multiple of 8 when decrypting with padded cipher)

2018-07-31 16:28:50 - [TEST_STEP][PASSED] - openBrowser: Browser is opened with url: ''

2018-07-31 16:28:50 - [MESSAGE][WARNING] - A browser is already opened. Closing browser and opening a new one

2018-07-31 16:28:53 - [MESSAGE][PASSED] - Browser is opened with url: ''

2018-07-31 16:28:53 - [TEST_STEP][PASSED] - navigateToUrl: Navigate to 'http://demoaut.katalon.com/profile.php#login' successfully

2018-07-31 16:29:04 - [MESSAGE][PASSED] - Navigate to 'http://demoaut.katalon.com/profile.php#login' successfully

2018-07-31 16:29:04 - [TEST_STEP][PASSED] - setText: Text 'chilly' is set on object 'Object Repository/Page_CURA Healthcare Service/input_username'

2018-07-31 16:29:05 - [MESSAGE][PASSED] - Text 'chilly' is set on object 'Object Repository/Page_CURA Healthcare Service/input_username'

2018-07-31 16:29:05 - [TEST_STEP][FAILED] - setEncryptedText: Unable to set encrypted text for object 'Object Repository/Page_CURA Healthcare Service/input_password' (Root cause: javax.crypto.IllegalBlockSizeException: Input length must be multiple of 8 when decrypting with padded cipher)

2018-07-31 16:29:05 - [MESSAGE][FAILED] - Unable to set encrypted text for object 'Object Repository/Page_CURA Healthcare Service/input_password' (Root cause: javax.crypto.IllegalBlockSizeException: Input length must be multiple of 8 when decrypting with padded cipher)
[[ATTACHMENT|C:\\Users\\carrison.jiang\\Katalon Studio\\bugfree1\\Reports\\ts1\\20180731_162809\\1533025745061.png]]]]></system-out>
         <system-err><![CDATA[2018-07-31 16:28:50 - [TEST_CASE][FAILED] - Test Cases/tc1: Test Cases/tc1 FAILED because (of) Unable to set encrypted text for object 'Object Repository/Page_CURA Healthcare Service/input_password' (Root cause: javax.crypto.IllegalBlockSizeException: Input length must be multiple of 8 when decrypting with padded cipher)]]></system-err>
      </testcase>
      <system-out><![CDATA[2018-07-31 16:28:12 - [TEST_SUITE][FAILED] - ts1: Test Cases/tc1 FAILED because (of) Unable to set encrypted text for object 'Object Repository/Page_CURA Healthcare Service/input_password' (Root cause: javax.crypto.IllegalBlockSizeException: Input length must be multiple of 8 when decrypting with padded cipher)]]></system-out>
      <system-err><![CDATA[2018-07-31 16:28:12 - [TEST_SUITE][FAILED] - ts1: Test Cases/tc1 FAILED because (of) Unable to set encrypted text for object 'Object Repository/Page_CURA Healthcare Service/input_password' (Root cause: javax.crypto.IllegalBlockSizeException: Input length must be multiple of 8 when decrypting with padded cipher)]]></system-err>
   </testsuite>
</testsuites>
